-------------------------------------------------------------------------------
Test set: com.bagonationalbank.app.service.test.BankingOperationsServiceImplTest
-------------------------------------------------------------------------------
Tests run: 12, Failures: 0, Errors: 12, Skipped: 0, Time elapsed: 0.297 s <<< FAILURE! - in com.bagonationalbank.app.service.test.BankingOperationsServiceImplTest
testDepositFundsForGet  Time elapsed: 0.22 s  <<< ERROR!
java.lang.NoClassDefFoundError: org/junit/Assert
	at com.bagonationalbank.app.service.test.BankingOperationsServiceImplTest.testDepositFundsForGet(BankingOperationsServiceImplTest.java:110)
Caused by: java.lang.ClassNotFoundException: org.junit.Assert
	at com.bagonationalbank.app.service.test.BankingOperationsServiceImplTest.testDepositFundsForGet(BankingOperationsServiceImplTest.java:110)

testIsValidEmailForFalse  Time elapsed: 0 s  <<< ERROR!
java.lang.NoClassDefFoundError: org/junit/Assert
	at com.bagonationalbank.app.service.test.BankingOperationsServiceImplTest.testIsValidEmailForFalse(BankingOperationsServiceImplTest.java:82)

testIsValidDateForSave  Time elapsed: 0.002 s  <<< ERROR!
java.lang.NoClassDefFoundError: org/junit/Assert
	at com.bagonationalbank.app.service.test.BankingOperationsServiceImplTest.testIsValidDateForSave(BankingOperationsServiceImplTest.java:88)

testIsValidDateForTrue  Time elapsed: 0.002 s  <<< ERROR!
java.lang.NoClassDefFoundError: org/junit/Assert
	at com.bagonationalbank.app.service.test.BankingOperationsServiceImplTest.testIsValidDateForTrue(BankingOperationsServiceImplTest.java:95)

testDepositFundsReturnsSingleValues  Time elapsed: 0.002 s  <<< ERROR!
java.lang.NoClassDefFoundError: org/junit/Assert
	at com.bagonationalbank.app.service.test.BankingOperationsServiceImplTest.testDepositFundsReturnsSingleValues(BankingOperationsServiceImplTest.java:102)

testTransaferFundsForGet  Time elapsed: 0.002 s  <<< ERROR!
java.lang.NoClassDefFoundError: org/junit/Assert
	at com.bagonationalbank.app.service.test.BankingOperationsServiceImplTest.testTransaferFundsForGet(BankingOperationsServiceImplTest.java:118)

testGenericFirst  Time elapsed: 0.001 s  <<< ERROR!
java.lang.NoClassDefFoundError: org/junit/Assert
	at com.bagonationalbank.app.service.test.BankingOperationsServiceImplTest.testGenericFirst(BankingOperationsServiceImplTest.java:44)

testIsValidGenderForFalse  Time elapsed: 0.002 s  <<< ERROR!
java.lang.NoClassDefFoundError: org/junit/Assert
	at com.bagonationalbank.app.service.test.BankingOperationsServiceImplTest.testIsValidGenderForFalse(BankingOperationsServiceImplTest.java:63)

testIsValidEmailForSave  Time elapsed: 0.002 s  <<< ERROR!
java.lang.NoClassDefFoundError: org/junit/Assert
	at com.bagonationalbank.app.service.test.BankingOperationsServiceImplTest.testIsValidEmailForSave(BankingOperationsServiceImplTest.java:69)

testIsValidEmailForTrue  Time elapsed: 0.001 s  <<< ERROR!
java.lang.NoClassDefFoundError: org/junit/Assert
	at com.bagonationalbank.app.service.test.BankingOperationsServiceImplTest.testIsValidEmailForTrue(BankingOperationsServiceImplTest.java:76)

testIsValidGenderForSave  Time elapsed: 0.001 s  <<< ERROR!
java.lang.NoClassDefFoundError: org/junit/Assert
	at com.bagonationalbank.app.service.test.BankingOperationsServiceImplTest.testIsValidGenderForSave(BankingOperationsServiceImplTest.java:51)

testIsValidGenderForTrue  Time elapsed: 0.001 s  <<< ERROR!
java.lang.NoClassDefFoundError: org/junit/Assert
	at com.bagonationalbank.app.service.test.BankingOperationsServiceImplTest.testIsValidGenderForTrue(BankingOperationsServiceImplTest.java:57)

