<?xml version="1.0" encoding="UTF-8"?>
<testsuite xmlns:xsi="http://www.w3.org/2001/XMLSchema-instance" xsi:noNamespaceSchemaLocation="https://maven.apache.org/surefire/maven-surefire-plugin/xsd/surefire-test-report.xsd" name="com.bagonationalbank.app.service.test.BankingOperationsServiceImplTest" time="0.297" tests="12" errors="12" skipped="0" failures="0">
  <properties>
    <property name="sun.desktop" value="windows"/>
    <property name="awt.toolkit" value="sun.awt.windows.WToolkit"/>
    <property name="file.encoding.pkg" value="sun.io"/>
    <property name="java.specification.version" value="1.8"/>
    <property name="sun.cpu.isalist" value="amd64"/>
    <property name="sun.jnu.encoding" value="Cp1252"/>
    <property name="java.class.path" value="C:\Data\GitHub\Project_BankingApp\BankingApplicationProject\bagonationalbank_operations_app\bagonationalbank_operations_app\target\test-classes;C:\Data\GitHub\Project_BankingApp\BankingApplicationProject\bagonationalbank_operations_app\bagonationalbank_operations_app\target\classes;C:\Users\model\.m2\repository\org\postgresql\postgresql\42.2.5\postgresql-42.2.5.jar;C:\Users\model\.m2\repository\log4j\log4j\1.2.17\log4j-1.2.17.jar;C:\Users\model\.m2\repository\org\mockito\mockito-all\1.10.19\mockito-all-1.10.19.jar;C:\Users\model\.m2\repository\org\junit\jupiter\junit-jupiter-api\5.4.2\junit-jupiter-api-5.4.2.jar;C:\Users\model\.m2\repository\org\apiguardian\apiguardian-api\1.0.0\apiguardian-api-1.0.0.jar;C:\Users\model\.m2\repository\org\opentest4j\opentest4j\1.1.1\opentest4j-1.1.1.jar;C:\Users\model\.m2\repository\org\junit\platform\junit-platform-commons\1.4.2\junit-platform-commons-1.4.2.jar;C:\Users\model\.m2\repository\org\junit\jupiter\junit-jupiter-engine\5.4.2\junit-jupiter-engine-5.4.2.jar;C:\Users\model\.m2\repository\org\junit\platform\junit-platform-engine\1.4.2\junit-platform-engine-1.4.2.jar;"/>
    <property name="java.vm.vendor" value="Oracle Corporation"/>
    <property name="sun.arch.data.model" value="64"/>
    <property name="user.variant" value=""/>
    <property name="java.vendor.url" value="http://java.oracle.com/"/>
    <property name="user.timezone" value="America/Phoenix"/>
    <property name="java.vm.specification.version" value="1.8"/>
    <property name="os.name" value="Windows 10"/>
    <property name="user.country" value="US"/>
    <property name="sun.java.launcher" value="SUN_STANDARD"/>
    <property name="sun.boot.library.path" value="C:\Program Files\Java\jdk1.8.0_271\jre\bin"/>
    <property name="sun.java.command" value="C:\Users\model\AppData\Local\Temp\surefire5159482051362773992\surefirebooter6251090926674236054.jar C:\Users\model\AppData\Local\Temp\surefire5159482051362773992 2021-01-13T11-23-07_502-jvmRun1 surefire7679147258165290650tmp surefire_01239171503266165944tmp"/>
    <property name="surefire.test.class.path" value="C:\Data\GitHub\Project_BankingApp\BankingApplicationProject\bagonationalbank_operations_app\bagonationalbank_operations_app\target\test-classes;C:\Data\GitHub\Project_BankingApp\BankingApplicationProject\bagonationalbank_operations_app\bagonationalbank_operations_app\target\classes;C:\Users\model\.m2\repository\org\postgresql\postgresql\42.2.5\postgresql-42.2.5.jar;C:\Users\model\.m2\repository\log4j\log4j\1.2.17\log4j-1.2.17.jar;C:\Users\model\.m2\repository\org\mockito\mockito-all\1.10.19\mockito-all-1.10.19.jar;C:\Users\model\.m2\repository\org\junit\jupiter\junit-jupiter-api\5.4.2\junit-jupiter-api-5.4.2.jar;C:\Users\model\.m2\repository\org\apiguardian\apiguardian-api\1.0.0\apiguardian-api-1.0.0.jar;C:\Users\model\.m2\repository\org\opentest4j\opentest4j\1.1.1\opentest4j-1.1.1.jar;C:\Users\model\.m2\repository\org\junit\platform\junit-platform-commons\1.4.2\junit-platform-commons-1.4.2.jar;C:\Users\model\.m2\repository\org\junit\jupiter\junit-jupiter-engine\5.4.2\junit-jupiter-engine-5.4.2.jar;C:\Users\model\.m2\repository\org\junit\platform\junit-platform-engine\1.4.2\junit-platform-engine-1.4.2.jar;"/>
    <property name="sun.cpu.endian" value="little"/>
    <property name="user.home" value="C:\Users\model"/>
    <property name="user.language" value="en"/>
    <property name="java.specification.vendor" value="Oracle Corporation"/>
    <property name="java.home" value="C:\Program Files\Java\jdk1.8.0_271\jre"/>
    <property name="basedir" value="C:\Data\GitHub\Project_BankingApp\BankingApplicationProject\bagonationalbank_operations_app\bagonationalbank_operations_app"/>
    <property name="style.color" value="always"/>
    <property name="file.separator" value="\"/>
    <property name="line.separator" value="&#10;"/>
    <property name="java.vm.specification.vendor" value="Oracle Corporation"/>
    <property name="java.specification.name" value="Java Platform API Specification"/>
    <property name="java.awt.graphicsenv" value="sun.awt.Win32GraphicsEnvironment"/>
    <property name="surefire.real.class.path" value="C:\Users\model\AppData\Local\Temp\surefire5159482051362773992\surefirebooter6251090926674236054.jar"/>
    <property name="sun.boot.class.path" value="C:\Program Files\Java\jdk1.8.0_271\jre\lib\resources.jar;C:\Program Files\Java\jdk1.8.0_271\jre\lib\rt.jar;C:\Program Files\Java\jdk1.8.0_271\jre\lib\sunrsasign.jar;C:\Program Files\Java\jdk1.8.0_271\jre\lib\jsse.jar;C:\Program Files\Java\jdk1.8.0_271\jre\lib\jce.jar;C:\Program Files\Java\jdk1.8.0_271\jre\lib\charsets.jar;C:\Program Files\Java\jdk1.8.0_271\jre\lib\jfr.jar;C:\Program Files\Java\jdk1.8.0_271\jre\classes"/>
    <property name="user.script" value=""/>
    <property name="sun.management.compiler" value="HotSpot 64-Bit Tiered Compilers"/>
    <property name="java.runtime.version" value="1.8.0_271-b09"/>
    <property name="user.name" value="julia"/>
    <property name="path.separator" value=";"/>
    <property name="os.version" value="10.0"/>
    <property name="java.endorsed.dirs" value="C:\Program Files\Java\jdk1.8.0_271\jre\lib\endorsed"/>
    <property name="java.runtime.name" value="Java(TM) SE Runtime Environment"/>
    <property name="file.encoding" value="Cp1252"/>
    <property name="java.vm.name" value="Java HotSpot(TM) 64-Bit Server VM"/>
    <property name="localRepository" value="C:\Users\model\.m2\repository"/>
    <property name="java.vendor.url.bug" value="http://bugreport.sun.com/bugreport/"/>
    <property name="java.io.tmpdir" value="C:\Users\model\AppData\Local\Temp\"/>
    <property name="java.version" value="1.8.0_271"/>
    <property name="user.dir" value="C:\Data\GitHub\Project_BankingApp\BankingApplicationProject\bagonationalbank_operations_app\bagonationalbank_operations_app"/>
    <property name="os.arch" value="amd64"/>
    <property name="java.vm.specification.name" value="Java Virtual Machine Specification"/>
    <property name="java.awt.printerjob" value="sun.awt.windows.WPrinterJob"/>
    <property name="sun.os.patch.level" value=""/>
    <property name="java.library.path" value="C:\Program Files\Java\jdk1.8.0_271\jre\bin;C:\Windows\Sun\Java\bin;C:\Windows\system32;C:\Windows;C:/Spring//plugins/org.eclipse.justj.openjdk.hotspot.jre.full.win32.x86_64_15.0.0.v20201014-1246/jre/bin/server;C:/Spring//plugins/org.eclipse.justj.openjdk.hotspot.jre.full.win32.x86_64_15.0.0.v20201014-1246/jre/bin;C:\Program Files\Common Files\Oracle\Java\javapath;C:\Windows\system32;C:\Windows;C:\Windows\System32\Wbem;C:\Windows\System32\WindowsPowerShell\v1.0\;C:\Windows\System32\OpenSSH\;C:\Program Files\MATLAB\R2020b\bin;C:\Program Files\Git\cmd;C:\Program Files\Java\jdk-15.0.1\bin;C:\Maven\bin;C:\Users\model\AppData\Local\Microsoft\WindowsApps;C:\Microsoft VS Code\bin;C:\Users\model\AppData\Local\GitHubDesktop\bin;C:\Spring;;."/>
    <property name="java.vm.info" value="mixed mode"/>
    <property name="java.vendor" value="Oracle Corporation"/>
    <property name="java.vm.version" value="25.271-b09"/>
    <property name="java.ext.dirs" value="C:\Program Files\Java\jdk1.8.0_271\jre\lib\ext;C:\Windows\Sun\Java\lib\ext"/>
    <property name="sun.io.unicode.encoding" value="UnicodeLittle"/>
    <property name="java.class.version" value="52.0"/>
  </properties>
  <testcase name="testDepositFundsForGet" classname="com.bagonationalbank.app.service.test.BankingOperationsServiceImplTest" time="0.22">
    <error message="org/junit/Assert" type="java.lang.NoClassDefFoundError">java.lang.NoClassDefFoundError: org/junit/Assert
	at com.bagonationalbank.app.service.test.BankingOperationsServiceImplTest.testDepositFundsForGet(BankingOperationsServiceImplTest.java:110)
Caused by: java.lang.ClassNotFoundException: org.junit.Assert
	at com.bagonationalbank.app.service.test.BankingOperationsServiceImplTest.testDepositFundsForGet(BankingOperationsServiceImplTest.java:110)
</error>
  </testcase>
  <testcase name="testIsValidEmailForFalse" classname="com.bagonationalbank.app.service.test.BankingOperationsServiceImplTest" time="0">
    <error message="org/junit/Assert" type="java.lang.NoClassDefFoundError">java.lang.NoClassDefFoundError: org/junit/Assert
	at com.bagonationalbank.app.service.test.BankingOperationsServiceImplTest.testIsValidEmailForFalse(BankingOperationsServiceImplTest.java:82)
</error>
  </testcase>
  <testcase name="testIsValidDateForSave" classname="com.bagonationalbank.app.service.test.BankingOperationsServiceImplTest" time="0.002">
    <error message="org/junit/Assert" type="java.lang.NoClassDefFoundError">java.lang.NoClassDefFoundError: org/junit/Assert
	at com.bagonationalbank.app.service.test.BankingOperationsServiceImplTest.testIsValidDateForSave(BankingOperationsServiceImplTest.java:88)
</error>
  </testcase>
  <testcase name="testIsValidDateForTrue" classname="com.bagonationalbank.app.service.test.BankingOperationsServiceImplTest" time="0.002">
    <error message="org/junit/Assert" type="java.lang.NoClassDefFoundError">java.lang.NoClassDefFoundError: org/junit/Assert
	at com.bagonationalbank.app.service.test.BankingOperationsServiceImplTest.testIsValidDateForTrue(BankingOperationsServiceImplTest.java:95)
</error>
  </testcase>
  <testcase name="testDepositFundsReturnsSingleValues" classname="com.bagonationalbank.app.service.test.BankingOperationsServiceImplTest" time="0.002">
    <error message="org/junit/Assert" type="java.lang.NoClassDefFoundError">java.lang.NoClassDefFoundError: org/junit/Assert
	at com.bagonationalbank.app.service.test.BankingOperationsServiceImplTest.testDepositFundsReturnsSingleValues(BankingOperationsServiceImplTest.java:102)
</error>
  </testcase>
  <testcase name="testTransaferFundsForGet" classname="com.bagonationalbank.app.service.test.BankingOperationsServiceImplTest" time="0.002">
    <error message="org/junit/Assert" type="java.lang.NoClassDefFoundError">java.lang.NoClassDefFoundError: org/junit/Assert
	at com.bagonationalbank.app.service.test.BankingOperationsServiceImplTest.testTransaferFundsForGet(BankingOperationsServiceImplTest.java:118)
</error>
  </testcase>
  <testcase name="testGenericFirst" classname="com.bagonationalbank.app.service.test.BankingOperationsServiceImplTest" time="0.001">
    <error message="org/junit/Assert" type="java.lang.NoClassDefFoundError">java.lang.NoClassDefFoundError: org/junit/Assert
	at com.bagonationalbank.app.service.test.BankingOperationsServiceImplTest.testGenericFirst(BankingOperationsServiceImplTest.java:44)
</error>
  </testcase>
  <testcase name="testIsValidGenderForFalse" classname="com.bagonationalbank.app.service.test.BankingOperationsServiceImplTest" time="0.002">
    <error message="org/junit/Assert" type="java.lang.NoClassDefFoundError">java.lang.NoClassDefFoundError: org/junit/Assert
	at com.bagonationalbank.app.service.test.BankingOperationsServiceImplTest.testIsValidGenderForFalse(BankingOperationsServiceImplTest.java:63)
</error>
  </testcase>
  <testcase name="testIsValidEmailForSave" classname="com.bagonationalbank.app.service.test.BankingOperationsServiceImplTest" time="0.002">
    <error message="org/junit/Assert" type="java.lang.NoClassDefFoundError">java.lang.NoClassDefFoundError: org/junit/Assert
	at com.bagonationalbank.app.service.test.BankingOperationsServiceImplTest.testIsValidEmailForSave(BankingOperationsServiceImplTest.java:69)
</error>
  </testcase>
  <testcase name="testIsValidEmailForTrue" classname="com.bagonationalbank.app.service.test.BankingOperationsServiceImplTest" time="0.001">
    <error message="org/junit/Assert" type="java.lang.NoClassDefFoundError">java.lang.NoClassDefFoundError: org/junit/Assert
	at com.bagonationalbank.app.service.test.BankingOperationsServiceImplTest.testIsValidEmailForTrue(BankingOperationsServiceImplTest.java:76)
</error>
  </testcase>
  <testcase name="testIsValidGenderForSave" classname="com.bagonationalbank.app.service.test.BankingOperationsServiceImplTest" time="0.001">
    <error message="org/junit/Assert" type="java.lang.NoClassDefFoundError">java.lang.NoClassDefFoundError: org/junit/Assert
	at com.bagonationalbank.app.service.test.BankingOperationsServiceImplTest.testIsValidGenderForSave(BankingOperationsServiceImplTest.java:51)
</error>
  </testcase>
  <testcase name="testIsValidGenderForTrue" classname="com.bagonationalbank.app.service.test.BankingOperationsServiceImplTest" time="0.001">
    <error message="org/junit/Assert" type="java.lang.NoClassDefFoundError">java.lang.NoClassDefFoundError: org/junit/Assert
	at com.bagonationalbank.app.service.test.BankingOperationsServiceImplTest.testIsValidGenderForTrue(BankingOperationsServiceImplTest.java:57)
</error>
  </testcase>
</testsuite>