<?xml version="1.0" encoding="UTF-8"?>
<testsuite xmlns:xsi="http://www.w3.org/2001/XMLSchema-instance" xsi:noNamespaceSchemaLocation="https://maven.apache.org/surefire/maven-surefire-plugin/xsd/surefire-test-report.xsd" name="com.bagonationalbank.app.service.test.BankingOperationsServiceImplTest" time="0.297" tests="12" errors="12" skipped="0" failures="0">
  <properties>
[...]
</properties>
  <testcase name="testDepositFundsForGet" classname="com.bagonationalbank.app.service.test.BankingOperationsServiceImplTest" time="0.22">
    <error message="org/junit/Assert" type="java.lang.NoClassDefFoundError">java.lang.NoClassDefFoundError: org/junit/Assert
	at com.bagonationalbank.app.service.test.BankingOperationsServiceImplTest.testDepositFundsForGet(BankingOperationsServiceImplTest.java:110)
Caused by: java.lang.ClassNotFoundException: org.junit.Assert
	at com.bagonationalbank.app.service.test.BankingOperationsServiceImplTest.testDepositFundsForGet(BankingOperationsServiceImplTest.java:110)
</error>
  </testcase>
  <testcase name="testIsValidEmailForFalse" classname="com.bagonationalbank.app.service.test.BankingOperationsServiceImplTest" time="0">
    <error message="org/junit/Assert" type="java.lang.NoClassDefFoundError">java.lang.NoClassDefFoundError: org/junit/Assert
	at com.bagonationalbank.app.service.test.BankingOperationsServiceImplTest.testIsValidEmailForFalse(BankingOperationsServiceImplTest.java:82)
</error>
  </testcase>
  <testcase name="testIsValidDateForSave" classname="com.bagonationalbank.app.service.test.BankingOperationsServiceImplTest" time="0.002">
    <error message="org/junit/Assert" type="java.lang.NoClassDefFoundError">java.lang.NoClassDefFoundError: org/junit/Assert
	at com.bagonationalbank.app.service.test.BankingOperationsServiceImplTest.testIsValidDateForSave(BankingOperationsServiceImplTest.java:88)
</error>
  </testcase>
  <testcase name="testIsValidDateForTrue" classname="com.bagonationalbank.app.service.test.BankingOperationsServiceImplTest" time="0.002">
    <error message="org/junit/Assert" type="java.lang.NoClassDefFoundError">java.lang.NoClassDefFoundError: org/junit/Assert
	at com.bagonationalbank.app.service.test.BankingOperationsServiceImplTest.testIsValidDateForTrue(BankingOperationsServiceImplTest.java:95)
</error>
  </testcase>
  <testcase name="testDepositFundsReturnsSingleValues" classname="com.bagonationalbank.app.service.test.BankingOperationsServiceImplTest" time="0.002">
    <error message="org/junit/Assert" type="java.lang.NoClassDefFoundError">java.lang.NoClassDefFoundError: org/junit/Assert
	at com.bagonationalbank.app.service.test.BankingOperationsServiceImplTest.testDepositFundsReturnsSingleValues(BankingOperationsServiceImplTest.java:102)
</error>
  </testcase>
  <testcase name="testTransaferFundsForGet" classname="com.bagonationalbank.app.service.test.BankingOperationsServiceImplTest" time="0.002">
    <error message="org/junit/Assert" type="java.lang.NoClassDefFoundError">java.lang.NoClassDefFoundError: org/junit/Assert
	at com.bagonationalbank.app.service.test.BankingOperationsServiceImplTest.testTransaferFundsForGet(BankingOperationsServiceImplTest.java:118)
</error>
  </testcase>
  <testcase name="testGenericFirst" classname="com.bagonationalbank.app.service.test.BankingOperationsServiceImplTest" time="0.001">
    <error message="org/junit/Assert" type="java.lang.NoClassDefFoundError">java.lang.NoClassDefFoundError: org/junit/Assert
	at com.bagonationalbank.app.service.test.BankingOperationsServiceImplTest.testGenericFirst(BankingOperationsServiceImplTest.java:44)
</error>
  </testcase>
  <testcase name="testIsValidGenderForFalse" classname="com.bagonationalbank.app.service.test.BankingOperationsServiceImplTest" time="0.002">
    <error message="org/junit/Assert" type="java.lang.NoClassDefFoundError">java.lang.NoClassDefFoundError: org/junit/Assert
	at com.bagonationalbank.app.service.test.BankingOperationsServiceImplTest.testIsValidGenderForFalse(BankingOperationsServiceImplTest.java:63)
</error>
  </testcase>
  <testcase name="testIsValidEmailForSave" classname="com.bagonationalbank.app.service.test.BankingOperationsServiceImplTest" time="0.002">
    <error message="org/junit/Assert" type="java.lang.NoClassDefFoundError">java.lang.NoClassDefFoundError: org/junit/Assert
	at com.bagonationalbank.app.service.test.BankingOperationsServiceImplTest.testIsValidEmailForSave(BankingOperationsServiceImplTest.java:69)
</error>
  </testcase>
  <testcase name="testIsValidEmailForTrue" classname="com.bagonationalbank.app.service.test.BankingOperationsServiceImplTest" time="0.001">
    <error message="org/junit/Assert" type="java.lang.NoClassDefFoundError">java.lang.NoClassDefFoundError: org/junit/Assert
	at com.bagonationalbank.app.service.test.BankingOperationsServiceImplTest.testIsValidEmailForTrue(BankingOperationsServiceImplTest.java:76)
</error>
  </testcase>
  <testcase name="testIsValidGenderForSave" classname="com.bagonationalbank.app.service.test.BankingOperationsServiceImplTest" time="0.001">
    <error message="org/junit/Assert" type="java.lang.NoClassDefFoundError">java.lang.NoClassDefFoundError: org/junit/Assert
	at com.bagonationalbank.app.service.test.BankingOperationsServiceImplTest.testIsValidGenderForSave(BankingOperationsServiceImplTest.java:51)
</error>
  </testcase>
  <testcase name="testIsValidGenderForTrue" classname="com.bagonationalbank.app.service.test.BankingOperationsServiceImplTest" time="0.001">
    <error message="org/junit/Assert" type="java.lang.NoClassDefFoundError">java.lang.NoClassDefFoundError: org/junit/Assert
	at com.bagonationalbank.app.service.test.BankingOperationsServiceImplTest.testIsValidGenderForTrue(BankingOperationsServiceImplTest.java:57)
</error>
  </testcase>
</testsuite>